INFO: https://www.rescale.com
INFO: 	https://www.rescale.com/solutions/eda-and-electronics
INFO: 	https://www.rescale.com/solutions/autonomous-driving
INFO: 	https://www.rescale.com/booking
INFO: 	https://www.rescale.com/features
INFO: 	https://www.rescale.com/siemens
INFO: 	https://www.rescale.com/products/advanced
INFO: 	https://www.rescale.com/aws
INFO: 	https://www.rescale.com/avl
INFO: 	https://www.rescale.com/software
INFO: 	https://www.rescale.com/signup
INFO: 	https://www.rescale.com/solutions/life-sciences
INFO: 	https://www.rescale.com/solutions/aerospace
INFO: 	https://www.rescale.com/products/universities
INFO: 	https://www.rescale.com/features/file-management
INFO: 	https://www.rescale.com/solutions/automotive
INFO: 	https://www.rescale.com/infrastructure
INFO: 	https://www.rescale.com/solutions/iot-big-data
INFO: 	https://www.rescale.com/products/government
INFO: 	https://www.rescale.com/solutions/cxos
INFO: 	https://www.rescale.com/solutions/consumer-products
INFO: 	https://www.rescale.com/solutions/academia
INFO: 	https://www.rescale.com/login
INFO: 	https://www.rescale.com/solutions
INFO: 	https://www.rescale.com/security
INFO: 	https://www.rescale.com/solutions/machine-learning
INFO: 	https://www.rescale.com/kr
INFO: 	https://www.rescale.com/partners-list
INFO: 	https://www.rescale.com/products/enterprise
INFO: 	https://www.rescale.com/features/workflow
INFO: 	https://www.rescale.com/solutions/automation-api-cli
INFO: 	https://www.rescale.com/about
INFO: 	https://www.rescale.com/solutions/distributed-teams
INFO: 	https://www.rescale.com/products/elements
INFO: 	https://www.rescale.com/solutions/startups
INFO: 	https://www.rescale.com/products
INFO: 	https://www.rescale.com/investors
INFO: 	https://www.rescale.com/jobs
INFO: 	https://www.rescale.com/solutions/engineers-and-scientists
INFO: 	https://www.rescale.com/solutions/hpc-management
INFO: 	https://www.rescale.com/solutions/oil-and-gas
INFO: 	https://www.rescale.com/solutions/driver-assistance-adas
INFO: 	https://www.rescale.com/azure
INFO: 	https://www.rescale.com/solutions/digital-twin
INFO: 	https://www.rescale.com/storage
INFO: 	https://www.rescale.com/solutions/disaster-recovery
INFO: 	https://www.rescale.com/chs
INFO: 	https://www.rescale.com/jp
INFO: 	https://www.rescale.com/features/admin-portal
INFO: 	https://www.rescale.com/frn
INFO: 	https://www.rescale.com/gcp
INFO: 	https://www.rescale.com/partners
INFO: 	https://www.rescale.com/legal
INFO: 	https://www.rescale.com/features/api
INFO: 	https://www.rescale.com/features/visualization
INFO: 	https://www.rescale.com/products/developer
INFO: 	https://www.rescale.com/solutions/cae-mdo
INFO: 	https://www.rescale.com/solutions/spdm
INFO: https://www.rescale.com/siemens
INFO: 	https://www.rescale.com/siemens/signup
INFO: 	https://www.rescale.com/siemens/login
INFO: 	https://www.rescale.com/kr/siemens
INFO: 	https://www.rescale.com/chs/siemens
INFO: https://www.rescale.com/solutions/cxos
INFO: 	https://www.rescale.com/jp/siemens
INFO: https://www.rescale.com/booking
INFO: https://www.rescale.com/solutions/eda-and-electronics
INFO: https://www.rescale.com/solutions/aerospace
INFO: https://www.rescale.com/solutions/automotive
INFO: 	https://www.rescale.com/jp/solutions/cxos
INFO: https://www.rescale.com/avl
INFO: https://www.rescale.com/products/universities
INFO: https://www.rescale.com/solutions/life-sciences
INFO: https://www.rescale.com/solutions/autonomous-driving
INFO: https://www.rescale.com/features
INFO: https://www.rescale.com/products/government
INFO: https://www.rescale.com/products/advanced
INFO: https://www.rescale.com/solutions/iot-big-data
INFO: 	https://www.rescale.com/frn/siemens
INFO: https://www.rescale.com/features/file-management
INFO: https://www.rescale.com/solutions/consumer-products
INFO: https://www.rescale.com/infrastructure
INFO: 	https://www.rescale.com/kr/booking
INFO: https://www.rescale.com/aws
INFO: 	https://www.rescale.com/kr/solutions/eda-and-electronics
INFO: 	https://www.rescale.com/frn/solutions/cxos
INFO: 	https://www.rescale.com/kr/solutions/aerospace
INFO: 	https://www.rescale.com/chs/solutions/automotive
INFO: 	https://www.rescale.com/jp/products/universities
INFO: 	https://www.rescale.com/avl/signup
INFO: 	https://www.rescale.com/jp/solutions/life-sciences
INFO: 	https://www.rescale.com/jp/solutions/autonomous-driving
INFO: 	https://www.rescale.com/chs/products/government
INFO: 	https://www.rescale.com/kr/features
INFO: 	https://www.rescale.com/kr/products/advanced
INFO: 	https://www.rescale.com/kr/solutions/consumer-products
INFO: 	https://www.rescale.com/chs/solutions/consumer-products
INFO: 	https://www.rescale.com/frn/solutions/consumer-products
INFO: 	https://www.rescale.com/jp/solutions/consumer-products
INFO: 	https://www.rescale.com/frn/booking
INFO: 	https://www.rescale.com/chs/products/advanced
INFO: 	https://www.rescale.com/kr/solutions/iot-big-data
INFO: 	https://www.rescale.com/kr/features/file-management
INFO: 	https://www.rescale.com/infrastructure/#hardware-technologies
INFO: 	https://www.rescale.com/jp/solutions/eda-and-electronics
INFO: 	https://www.rescale.com/frn/solutions/eda-and-electronics
INFO: 	https://www.rescale.com/chs/solutions/eda-and-electronics
INFO: 	https://www.rescale.com/ibm
INFO: 	https://www.rescale.com/chs/solutions/iot-big-data
INFO: 	https://www.rescale.com/frn/solutions/iot-big-data
INFO: 	https://www.rescale.com/kr/products/universities
INFO: 	https://www.rescale.com/jp/products/advanced
INFO: 	https://www.rescale.com/kr/solutions/cxos
INFO: 	https://www.rescale.com/jp/features
INFO: 	https://www.rescale.com/chs/solutions/autonomous-driving
INFO: 	https://www.rescale.com/frn/avl
INFO: 	https://www.rescale.com/chs/avl
INFO: 	https://www.rescale.com/frn/solutions/aerospace
INFO: 	https://www.rescale.com/chs/solutions/aerospace
INFO: 	https://www.rescale.com/jp/solutions/aerospace
INFO: 	https://www.rescale.com/frn/infrastructure
INFO: 	https://www.rescale.com/jp/booking
INFO: 	https://www.rescale.com/chs/booking
INFO: 	https://www.rescale.com/jp/solutions/iot-big-data
INFO: 	https://www.rescale.com/chs/solutions/life-sciences
INFO: 	https://www.rescale.com/kr/solutions/life-sciences
INFO: 	https://www.rescale.com/frn/solutions/life-sciences
INFO: 	https://www.rescale.com/jp/products/government
INFO: 	https://www.rescale.com/chs/products/universities
INFO: 	https://www.rescale.com/frn/products/universities
INFO: 	https://www.rescale.com/kr/products/government
INFO: 	https://www.rescale.com/chs/features
INFO: 	https://www.rescale.com/frn/features
INFO: 	https://www.rescale.com/kr/aws
INFO: 	https://www.rescale.com/chs/features/file-management
INFO: 	https://www.rescale.com/chs/solutions/cxos
INFO: 	https://www.rescale.com/kr/solutions/automotive
INFO: 	https://www.rescale.com/frn/products/advanced
INFO: 	https://www.rescale.com/frn/products/government
INFO: 	https://www.rescale.com/jp/avl
INFO: 	https://www.rescale.com/frn/solutions/autonomous-driving
INFO: 	https://www.rescale.com/kr/solutions/autonomous-driving
INFO: 	https://www.rescale.com/jp/features/file-management
INFO: 	https://www.rescale.com/frn/features/file-management
INFO: 	https://www.rescale.com/jp/infrastructure
INFO: 	https://www.rescale.com/chs/infrastructure
INFO: 	https://www.rescale.com/kr/avl
INFO: 	https://www.rescale.com/jp/solutions/automotive
INFO: 	https://www.rescale.com/aws/signup
INFO: 	https://www.rescale.com/chs/aws
INFO: 	https://www.rescale.com/frn/aws
INFO: 	https://www.rescale.com/jp/aws
INFO: 	https://www.rescale.com/kr/infrastructure
INFO: 	https://www.rescale.com/frn/solutions/automotive
INFO: https://www.rescale.com/signup
INFO: 	https://www.rescale.com/legal/aup
INFO: 	https://www.rescale.com/careers
INFO: 	https://www.rescale.com/legal/terms
INFO: https://www.rescale.com/software
INFO: 	https://www.rescale.com/kr/software
INFO: 	https://www.rescale.com/jp/software
INFO: 	https://www.rescale.com/ansys
INFO: 	https://www.rescale.com/frn/software
INFO: 	https://www.rescale.com/chs/software
INFO: https://www.rescale.com/solutions/academia
INFO: 	https://www.rescale.com/frn/solutions/academia
INFO: 	https://www.rescale.com/chs/solutions/academia
INFO: https://www.rescale.com/solutions/automation-api-cli
INFO: https://www.rescale.com/products/enterprise
INFO: https://www.rescale.com/partners-list
INFO: https://www.rescale.com/kr
INFO: https://www.rescale.com/about
INFO: https://www.rescale.com/products/elements
INFO: https://www.rescale.com/solutions/startups
INFO: 	https://www.rescale.com/kr/solutions/academia
INFO: 	https://www.rescale.com/jp/solutions/academia
INFO: https://www.rescale.com/security
INFO: https://www.rescale.com/solutions/oil-and-gas
INFO: https://www.rescale.com/features/workflow
INFO: https://www.rescale.com/solutions/machine-learning
INFO: https://www.rescale.com/products
INFO: 	https://www.rescale.com/chs/solutions/automation-api-cli
INFO: 	https://www.rescale.com/kr/products/enterprise
INFO: 	https://www.rescale.com/chs/partners-list
INFO: 	https://www.rescale.com/kr/solutions/machine-learning
INFO: https://www.rescale.com/jobs
INFO: 	https://www.rescale.com/frn/about
INFO: https://www.rescale.com/solutions/hpc-management
INFO: https://www.rescale.com/solutions/distributed-teams
INFO: https://www.rescale.com/investors
INFO: https://www.rescale.com/login
INFO: https://www.rescale.com/solutions/engineers-and-scientists
INFO: 	https://www.rescale.com/chs/products/elements
INFO: 	https://www.rescale.com/frn/products/elements
INFO: 	https://www.rescale.com/frn/solutions/startups
INFO: 	https://www.rescale.com/frn/security
INFO: 	https://www.rescale.com/jp/solutions/oil-and-gas
INFO: 	https://www.rescale.com/chs/features/workflow
INFO: 	https://www.rescale.com/frn/features/workflow
INFO: 	https://www.rescale.com/jp/products
INFO: 	https://www.rescale.com/products/pro
INFO: 	https://www.rescale.com/frn/products
INFO: 	https://www.rescale.com/kr/products
INFO: 	https://www.rescale.com/kr/azure
INFO: 	https://www.rescale.com/kr/solutions/distributed-teams
INFO: 	https://www.rescale.com/kr/products/elements
INFO: 	https://www.rescale.com/kr/storage
INFO: 	https://www.rescale.com/kr/solutions/driver-assistance-adas
INFO: 	https://www.rescale.com/chs/solutions/hpc-management
INFO: 	https://www.rescale.com/frn/solutions/hpc-management
INFO: https://www.rescale.com/solutions
INFO: 	https://www.rescale.com/chs/solutions
INFO: 	https://www.rescale.com/jp/security
INFO: 	https://www.rescale.com/kr/security
INFO: 	https://www.rescale.com/chs/solutions/machine-learning
INFO: 	https://www.rescale.com/startups
INFO: 	https://www.rescale.com/jp/solutions/startups
INFO: 	https://www.rescale.com/frn/products/enterprise
INFO: 	https://www.rescale.com/frn/partners-list
INFO: 	https://www.rescale.com/kr/partners-list
INFO: 	https://www.rescale.com/chs/about
INFO: 	https://www.rescale.com/jp/about
INFO: 	https://www.rescale.com/kr/about
INFO: 	https://www.rescale.com/legal/privacy
INFO: 	https://www.rescale.com/introduction
INFO: 	https://www.rescale.com/kr/solutions/startups
INFO: 	https://www.rescale.com/kr/partners
INFO: 	https://www.rescale.com/jp/solutions/hpc-management
INFO: 	https://www.rescale.com/kr/solutions/hpc-management
INFO: 	https://www.rescale.com/jp/products/elements
INFO: 	https://www.rescale.com/frn/solutions/oil-and-gas
INFO: 	https://www.rescale.com/kr/solutions/oil-and-gas
INFO: 	https://www.rescale.com/jp/solutions/machine-learning
INFO: 	https://www.rescale.com/chs/security
INFO: 	https://www.rescale.com/jp/products/enterprise
INFO: 	https://www.rescale.com/chs/products/enterprise
INFO: 	https://www.rescale.com/chs/solutions/startups
INFO: 	https://www.rescale.com/chs/jobs
INFO: 	https://www.rescale.com/jp/jobs
INFO: 	https://www.rescale.com/kr/investors
INFO: 	https://www.rescale.com/frn/investors
INFO: 	https://www.rescale.com/chs/investors
INFO: 	https://www.rescale.com/kr/features/workflow
INFO: 	https://www.rescale.com/jp/features/workflow
INFO: 	https://www.rescale.com/jp/partners-list
INFO: 	https://www.rescale.com/kr/solutions/automation-api-cli
INFO: 	https://www.rescale.com/chs/products
INFO: 	https://www.rescale.com/chs/solutions/distributed-teams
INFO: 	https://www.rescale.com/kr/solutions/engineers-and-scientists
INFO: 	https://www.rescale.com/frn/solutions/engineers-and-scientists
INFO: 	https://www.rescale.com/kr/gcp
INFO: 	https://www.rescale.com/kr/products/developer
INFO: 	https://www.rescale.com/kr/features/admin-portal
INFO: 	https://www.rescale.com/frn/solutions
INFO: 	https://www.rescale.com/jp/investors
INFO: 	https://www.rescale.com/jp/solutions/automation-api-cli
INFO: 	https://www.rescale.com/frn/jobs
INFO: 	https://www.rescale.com/jp/solutions/engineers-and-scientists
INFO: 	https://www.rescale.com/frn/solutions/machine-learning
INFO: 	https://www.rescale.com/chs/solutions/oil-and-gas
INFO: 	https://www.rescale.com/kr/solutions
INFO: 	https://www.rescale.com/kr/features/api
INFO: 	https://www.rescale.com/kr/solutions/digital-twin
INFO: 	https://www.rescale.com/kr/legal
INFO: 	https://www.rescale.com/jp/solutions
INFO: 	https://www.rescale.com/kr/features/visualization
INFO: 	https://www.rescale.com/frn/solutions/distributed-teams
INFO: 	https://www.rescale.com/jp/solutions/distributed-teams
INFO: 	https://www.rescale.com/kr/jobs
INFO: 	https://www.rescale.com/frn/solutions/automation-api-cli
INFO: 	https://www.rescale.com/kr/solutions/cae-mdo
INFO: 	https://www.rescale.com/chs/solutions/engineers-and-scientists
INFO: 	https://www.rescale.com/kr/solutions/disaster-recovery
INFO: 	https://www.rescale.com/kr/solutions/spdm
INFO: https://www.rescale.com/solutions/driver-assistance-adas
INFO: 	https://www.rescale.com/chs/solutions/driver-assistance-adas
INFO: 	https://www.rescale.com/frn/solutions/driver-assistance-adas
INFO: 	https://www.rescale.com/jp/solutions/driver-assistance-adas
INFO: https://www.rescale.com/storage
INFO: 	https://www.rescale.com/chs/storage
INFO: 	https://www.rescale.com/jp/storage
INFO: 	https://www.rescale.com/frn/storage
INFO: https://www.rescale.com/solutions/digital-twin
INFO: https://www.rescale.com/solutions/disaster-recovery
INFO: https://www.rescale.com/azure
INFO: https://www.rescale.com/legal
INFO: https://www.rescale.com/features/api
INFO: https://www.rescale.com/solutions/spdm
INFO: https://www.rescale.com/jp
INFO: https://www.rescale.com/kr/siemens
INFO: 	https://www.rescale.com/jp/solutions/digital-twin
INFO: https://www.rescale.com/solutions/cae-mdo
INFO: https://www.rescale.com/chs
INFO: https://www.rescale.com/partners
INFO: https://www.rescale.com/features/admin-portal
INFO: 	https://www.rescale.com/jp/features/admin-portal
INFO: https://www.rescale.com/products/developer
INFO: 	https://www.rescale.com/frn/solutions/disaster-recovery
INFO: 	https://www.rescale.com/chs/solutions/disaster-recovery
INFO: https://www.rescale.com/siemens/signup
INFO: https://www.rescale.com/chs/siemens
INFO: https://www.rescale.com/gcp
INFO: 	https://www.rescale.com/jp/azure
INFO: 	https://www.rescale.com/legal/agreement
INFO: 	https://www.rescale.com/chs/solutions/spdm
INFO: 	https://www.rescale.com/jp/features/api
INFO: 	https://www.rescale.com/jp/solutions/disaster-recovery
INFO: 	https://www.rescale.com/jp/products/developer
INFO: 	https://www.rescale.com/chs/legal
INFO: 	https://www.rescale.com/chs/solutions/digital-twin
INFO: 	https://www.rescale.com/jp/solutions/cae-mdo
INFO: 	https://www.rescale.com/frn/partners
INFO: 	https://www.rescale.com/chs/features/admin-portal
INFO: 	https://www.rescale.com/frn/features/admin-portal
INFO: 	https://www.rescale.com/chs/products/developer
INFO: 	https://www.rescale.com/frn/products/developer
INFO: 	https://www.rescale.com/frn/legal
INFO: 	https://www.rescale.com/legal/support
INFO: 	https://www.rescale.com/jp/solutions/spdm
INFO: 	https://www.rescale.com/frn/features/api
INFO: 	https://www.rescale.com/frn/solutions/digital-twin
INFO: https://www.rescale.com/features/visualization
INFO: 	https://www.rescale.com/jp/partners
INFO: 	https://www.rescale.com/frn/solutions/cae-mdo
INFO: 	https://www.rescale.com/chs/features/api
INFO: 	https://www.rescale.com/chs/gcp
INFO: https://www.rescale.com/frn
INFO: 	https://www.rescale.com/chs/partners
INFO: 	https://www.rescale.com/azure/signup
INFO: 	https://www.rescale.com/azure/login
INFO: 	https://www.rescale.com/legal/trademark
INFO: 	https://www.rescale.com/frn/features/visualization
INFO: 	https://www.rescale.com/jp/features/visualization
INFO: 	https://www.rescale.com/chs/solutions/cae-mdo
INFO: 	https://www.rescale.com/chs/azure
INFO: 	https://www.rescale.com/jp/gcp
INFO: 	https://www.rescale.com/frn/solutions/spdm
INFO: 	https://www.rescale.com/frn/azure
INFO: 	https://www.rescale.com/jp/legal
INFO: 	https://www.rescale.com/legal/service
INFO: 	https://www.rescale.com/gcp/signup
INFO: 	https://www.rescale.com/legal/sla
INFO: 	https://www.rescale.com/frn/gcp
INFO: https://www.rescale.com/siemens/login
INFO: https://www.rescale.com/jp/siemens
INFO: https://www.rescale.com/frn/siemens
INFO: https://www.rescale.com/jp/products/universities
INFO: https://www.rescale.com/jp/solutions/cxos
INFO: https://www.rescale.com/chs/solutions/automotive
INFO: https://www.rescale.com/kr/booking
INFO: https://www.rescale.com/kr/solutions/aerospace
INFO: https://www.rescale.com/frn/solutions/cxos
INFO: https://www.rescale.com/kr/solutions/iot-big-data
INFO: https://www.rescale.com/kr/solutions/consumer-products
INFO: https://www.rescale.com/frn/booking
INFO: https://www.rescale.com/kr/features/file-management
INFO: https://www.rescale.com/jp/solutions/life-sciences
INFO: https://www.rescale.com/kr/features
INFO: https://www.rescale.com/kr/solutions/eda-and-electronics
INFO: https://www.rescale.com/chs/products/government
INFO: https://www.rescale.com/jp/solutions/autonomous-driving
INFO: https://www.rescale.com/chs/solutions/consumer-products
INFO: https://www.rescale.com/kr/products/advanced
INFO: https://www.rescale.com/avl/signup
INFO: https://www.rescale.com/frn/solutions/consumer-products
INFO: https://www.rescale.com/jp/solutions/consumer-products
INFO: https://www.rescale.com/infrastructure/#hardware-technologies
INFO: https://www.rescale.com/chs/products/advanced
INFO: https://www.rescale.com/ibm
INFO: 	https://www.rescale.com/ibm/login
INFO: 	https://www.rescale.com/jp/ibm
INFO: https://www.rescale.com/frn/solutions/eda-and-electronics
INFO: https://www.rescale.com/jp/solutions/eda-and-electronics
INFO: https://www.rescale.com/kr/solutions/automotive
INFO: https://www.rescale.com/kr/products/universities
INFO: 	https://www.rescale.com/chs/ibm
INFO: 	https://www.rescale.com/ibm/signup
INFO: 	https://www.rescale.com/frn/ibm
INFO: 	https://www.rescale.com/kr/ibm
INFO: https://www.rescale.com/frn/solutions/iot-big-data
INFO: https://www.rescale.com/chs/solutions/eda-and-electronics
INFO: https://www.rescale.com/chs/solutions/iot-big-data
INFO: https://www.rescale.com/chs/solutions/autonomous-driving
INFO: https://www.rescale.com/frn/avl
INFO: https://www.rescale.com/chs/features/file-management
INFO: https://www.rescale.com/chs/solutions/life-sciences
INFO: https://www.rescale.com/jp/products/advanced
INFO: https://www.rescale.com/frn/solutions/aerospace
INFO: https://www.rescale.com/jp/features
INFO: https://www.rescale.com/kr/solutions/cxos
INFO: https://www.rescale.com/frn/infrastructure
INFO: https://www.rescale.com/jp/products/government
INFO: https://www.rescale.com/chs/products/universities
INFO: https://www.rescale.com/jp/booking
INFO: https://www.rescale.com/jp/solutions/iot-big-data
INFO: https://www.rescale.com/kr/aws
INFO: https://www.rescale.com/chs/avl
INFO: https://www.rescale.com/kr/products/government
INFO: https://www.rescale.com/jp/avl
INFO: https://www.rescale.com/frn/products/advanced
INFO: https://www.rescale.com/chs/solutions/cxos
INFO: https://www.rescale.com/chs/booking
INFO: https://www.rescale.com/chs/solutions/aerospace
INFO: https://www.rescale.com/kr/solutions/autonomous-driving
INFO: https://www.rescale.com/frn/features
INFO: https://www.rescale.com/jp/solutions/aerospace
INFO: https://www.rescale.com/frn/products/universities
INFO: https://www.rescale.com/frn/solutions/autonomous-driving
INFO: https://www.rescale.com/frn/products/government
INFO: https://www.rescale.com/frn/solutions/life-sciences
INFO: https://www.rescale.com/chs/features
INFO: https://www.rescale.com/kr/solutions/life-sciences
INFO: https://www.rescale.com/frn/features/file-management
INFO: https://www.rescale.com/jp/features/file-management
INFO: https://www.rescale.com/jp/infrastructure
INFO: https://www.rescale.com/kr/avl
INFO: https://www.rescale.com/jp/solutions/automotive
INFO: https://www.rescale.com/chs/infrastructure
INFO: https://www.rescale.com/frn/solutions/automotive
INFO: https://www.rescale.com/chs/aws
INFO: https://www.rescale.com/frn/aws
INFO: https://www.rescale.com/kr/infrastructure
INFO: https://www.rescale.com/jp/aws
INFO: https://www.rescale.com/legal/aup
INFO: 	https://www.rescale.com/chs/legal/aup
INFO: https://www.rescale.com/ansys
INFO: https://www.rescale.com/careers
INFO: 	https://www.rescale.com/kr/legal/aup
INFO: https://www.rescale.com/frn/solutions/academia
INFO: https://www.rescale.com/aws/signup
INFO: 	https://www.rescale.com/chs/ansys
INFO: 	https://www.rescale.com/kr/ansys
INFO: 	https://www.rescale.com/frn/ansys
INFO: 	https://www.rescale.com/frn/legal/aup
INFO: 	https://www.rescale.com/jp/legal/aup
INFO: 	https://www.rescale.com/jp/ansys
INFO: 	https://www.rescale.com/ansys/signup
INFO: https://www.rescale.com/kr/solutions/academia
INFO: https://www.rescale.com/chs/solutions/academia
INFO: https://www.rescale.com/legal/terms
INFO: 	https://www.rescale.com/jp/legal/terms
INFO: 	https://www.rescale.com/frn/legal/terms
INFO: 	https://www.rescale.com/chs/legal/terms
INFO: 	https://www.rescale.com/kr/legal/terms
INFO: https://www.rescale.com/chs/solutions/automation-api-cli
INFO: https://www.rescale.com/kr/products/enterprise
INFO: https://www.rescale.com/kr/solutions/machine-learning
INFO: https://www.rescale.com/frn/about
INFO: https://www.rescale.com/chs/software
INFO: https://www.rescale.com/chs/partners-list
INFO: https://www.rescale.com/kr/software
INFO: https://www.rescale.com/jp/solutions/academia
INFO: https://www.rescale.com/jp/solutions/oil-and-gas
INFO: https://www.rescale.com/chs/solutions/machine-learning
INFO: https://www.rescale.com/frn/solutions/startups
INFO: https://www.rescale.com/chs/products/elements
INFO: https://www.rescale.com/chs/features/workflow
INFO: https://www.rescale.com/frn/security
INFO: https://www.rescale.com/jp/products
INFO: 	https://www.rescale.com/frn/startups
INFO: https://www.rescale.com/jp/software
INFO: https://www.rescale.com/frn/software
INFO: https://www.rescale.com/kr/solutions/automation-api-cli
INFO: https://www.rescale.com/frn/products/enterprise
INFO: https://www.rescale.com/kr/azure
INFO: https://www.rescale.com/frn/partners-list
INFO: https://www.rescale.com/chs/about
INFO: https://www.rescale.com/chs/jobs
INFO: https://www.rescale.com/frn/products/elements
INFO: https://www.rescale.com/legal/privacy
INFO: 	https://www.rescale.com/frn/legal/privacy
INFO: 	https://www.rescale.com/kr/legal/privacy
INFO: 	https://www.rescale.com/chs/legal/privacy
INFO: https://www.rescale.com/jp/products/elements
INFO: https://www.rescale.com/kr/solutions/engineers-and-scientists
INFO: https://www.rescale.com/chs/solutions/hpc-management
INFO: https://www.rescale.com/chs/solutions/distributed-teams
INFO: 	https://www.rescale.com/jp/legal/privacy
INFO: https://www.rescale.com/kr/investors
INFO: https://www.rescale.com/frn/solutions/oil-and-gas
INFO: https://www.rescale.com/frn/features/workflow
INFO: https://www.rescale.com/startups
INFO: https://www.rescale.com/kr/features/workflow
INFO: https://www.rescale.com/kr/products
INFO: https://www.rescale.com/jp/security
INFO: https://www.rescale.com/kr/solutions/distributed-teams
INFO: https://www.rescale.com/kr/products/elements
INFO: https://www.rescale.com/chs/products
INFO: https://www.rescale.com/kr/storage
INFO: https://www.rescale.com/frn/products
INFO: 	https://www.rescale.com/kr/startups
INFO: https://www.rescale.com/kr/solutions/driver-assistance-adas
INFO: https://www.rescale.com/products/pro
INFO: https://www.rescale.com/kr/solutions/startups
INFO: 	https://www.rescale.com/jp/startups
INFO: 	https://www.rescale.com/chs/startups
INFO: https://www.rescale.com/frn/solutions/hpc-management
INFO: https://www.rescale.com/jp/solutions/hpc-management
INFO: https://www.rescale.com/chs/solutions
INFO: https://www.rescale.com/kr/security
INFO: https://www.rescale.com/frn/solutions
INFO: https://www.rescale.com/chs/security
INFO: https://www.rescale.com/jp/solutions/machine-learning
INFO: https://www.rescale.com/kr/partners-list
INFO: https://www.rescale.com/jp/solutions/startups
INFO: https://www.rescale.com/jp/products/enterprise
INFO: https://www.rescale.com/kr/about
INFO: https://www.rescale.com/jp/partners-list
INFO: https://www.rescale.com/chs/solutions/startups
INFO: https://www.rescale.com/kr/gcp
INFO: https://www.rescale.com/kr/solutions/hpc-management
INFO: https://www.rescale.com/chs/solutions/oil-and-gas
INFO: https://www.rescale.com/jp/about
INFO: https://www.rescale.com/kr/solutions/oil-and-gas
INFO: https://www.rescale.com/kr/partners
INFO: https://www.rescale.com/frn/solutions/machine-learning
INFO: https://www.rescale.com/chs/products/enterprise
INFO: https://www.rescale.com/frn/jobs
INFO: https://www.rescale.com/jp/jobs
INFO: https://www.rescale.com/frn/investors
INFO: https://www.rescale.com/chs/investors
INFO: https://www.rescale.com/jp/features/workflow
INFO: https://www.rescale.com/jp/investors
INFO: https://www.rescale.com/kr/features/admin-portal
INFO: https://www.rescale.com/kr/solutions
INFO: https://www.rescale.com/kr/products/developer
INFO: https://www.rescale.com/frn/solutions/engineers-and-scientists
INFO: https://www.rescale.com/jp/solutions/automation-api-cli
INFO: https://www.rescale.com/frn/solutions/automation-api-cli
INFO: https://www.rescale.com/frn/solutions/distributed-teams
INFO: https://www.rescale.com/jp/solutions
INFO: https://www.rescale.com/kr/jobs
INFO: https://www.rescale.com/chs/solutions/engineers-and-scientists
INFO: https://www.rescale.com/jp/solutions/engineers-and-scientists
INFO: https://www.rescale.com/kr/legal
INFO: https://www.rescale.com/kr/solutions/digital-twin
INFO: https://www.rescale.com/kr/features/api
INFO: https://www.rescale.com/kr/solutions/cae-mdo
INFO: 	https://www.rescale.com/kr/legal/trademark
INFO: https://www.rescale.com/kr/features/visualization
INFO: 	https://www.rescale.com/kr/legal/service
INFO: 	https://www.rescale.com/kr/legal/sla
INFO: 	https://www.rescale.com/kr/legal/support
INFO: 	https://www.rescale.com/kr/legal/agreement
INFO: https://www.rescale.com/jp/solutions/distributed-teams
INFO: https://www.rescale.com/kr/solutions/disaster-recovery
INFO: https://www.rescale.com/chs/solutions/driver-assistance-adas
INFO: https://www.rescale.com/kr/solutions/spdm
INFO: https://www.rescale.com/jp/solutions/driver-assistance-adas
INFO: https://www.rescale.com/chs/storage
INFO: https://www.rescale.com/frn/solutions/driver-assistance-adas
INFO: https://www.rescale.com/jp/storage
INFO: https://www.rescale.com/jp/solutions/digital-twin
INFO: https://www.rescale.com/legal/agreement
INFO: https://www.rescale.com/chs/solutions/spdm
INFO: https://www.rescale.com/frn/solutions/disaster-recovery
INFO: 	https://www.rescale.com/jp/legal/agreement
INFO: https://www.rescale.com/jp/solutions/disaster-recovery
INFO: https://www.rescale.com/jp/features/api
INFO: https://www.rescale.com/frn/storage
INFO: https://www.rescale.com/jp/solutions/cae-mdo
INFO: https://www.rescale.com/jp/azure
INFO: https://www.rescale.com/chs/legal
INFO: https://www.rescale.com/frn/solutions/digital-twin
INFO: 	https://www.rescale.com/chs/legal/agreement
INFO: https://www.rescale.com/chs/features/admin-portal
INFO: https://www.rescale.com/jp/features/admin-portal
INFO: https://www.rescale.com/frn/partners
INFO: 	https://www.rescale.com/chs/legal/support
INFO: 	https://www.rescale.com/frn/legal/agreement
INFO: https://www.rescale.com/chs/products/developer
INFO: 	https://www.rescale.com/chs/legal/sla
INFO: https://www.rescale.com/chs/solutions/disaster-recovery
INFO: 	https://www.rescale.com/chs/legal/trademark
INFO: 	https://www.rescale.com/chs/legal/service
INFO: https://www.rescale.com/chs/partners
INFO: https://www.rescale.com/frn/legal
INFO: 	https://www.rescale.com/frn/legal/trademark
INFO: 	https://www.rescale.com/frn/legal/service
INFO: 	https://www.rescale.com/frn/legal/support
INFO: https://www.rescale.com/chs/gcp
INFO: 	https://www.rescale.com/frn/legal/sla
INFO: https://www.rescale.com/jp/solutions/spdm
INFO: https://www.rescale.com/jp/products/developer
INFO: https://www.rescale.com/frn/features/api
INFO: https://www.rescale.com/chs/features/api
INFO: https://www.rescale.com/chs/solutions/digital-twin
INFO: https://www.rescale.com/legal/support
INFO: https://www.rescale.com/frn/solutions/cae-mdo
INFO: https://www.rescale.com/frn/features/admin-portal
INFO: https://www.rescale.com/azure/signup
INFO: https://www.rescale.com/legal/trademark
INFO: https://www.rescale.com/chs/azure
INFO: https://www.rescale.com/jp/features/visualization
INFO: https://www.rescale.com/frn/solutions/spdm
INFO: https://www.rescale.com/frn/features/visualization
INFO: https://www.rescale.com/frn/products/developer
INFO: https://www.rescale.com/chs/solutions/cae-mdo
INFO: 	https://www.rescale.com/jp/legal/support
INFO: https://www.rescale.com/jp/partners
INFO: 	https://www.rescale.com/jp/legal/trademark
INFO: https://www.rescale.com/jp/gcp
INFO: https://www.rescale.com/jp/legal
INFO: 	https://www.rescale.com/jp/legal/service
INFO: 	https://www.rescale.com/jp/legal/sla
INFO: https://www.rescale.com/frn/azure
INFO: https://www.rescale.com/legal/service
INFO: https://www.rescale.com/azure/login
INFO: https://www.rescale.com/legal/sla
INFO: https://www.rescale.com/frn/gcp
INFO: https://www.rescale.com/chs/ibm
INFO: https://www.rescale.com/jp/ibm
INFO: https://www.rescale.com/kr/ibm
INFO: https://www.rescale.com/kr/legal/aup
INFO: https://www.rescale.com/gcp/signup
INFO: https://www.rescale.com/chs/legal/aup
INFO: https://www.rescale.com/frn/ansys
INFO: https://www.rescale.com/frn/legal/aup
INFO: https://www.rescale.com/kr/ansys
INFO: https://www.rescale.com/frn/ibm
INFO: https://www.rescale.com/jp/ansys
INFO: https://www.rescale.com/chs/ansys
INFO: https://www.rescale.com/jp/legal/aup
INFO: https://www.rescale.com/jp/legal/terms
INFO: https://www.rescale.com/frn/legal/terms
INFO: https://www.rescale.com/chs/legal/terms
INFO: https://www.rescale.com/ansys/signup
INFO: https://www.rescale.com/chs/legal/privacy
INFO: https://www.rescale.com/frn/legal/privacy
INFO: https://www.rescale.com/kr/legal/privacy
INFO: https://www.rescale.com/kr/startups
INFO: https://www.rescale.com/kr/legal/sla
INFO: https://www.rescale.com/frn/startups
INFO: https://www.rescale.com/kr/legal/service
INFO: https://www.rescale.com/kr/legal/support
INFO: https://www.rescale.com/jp/legal/privacy
INFO: https://www.rescale.com/kr/legal/terms
INFO: https://www.rescale.com/jp/startups
INFO: https://www.rescale.com/chs/startups
INFO: https://www.rescale.com/kr/legal/trademark
INFO: https://www.rescale.com/ibm/login
INFO: https://www.rescale.com/kr/legal/agreement
INFO: https://www.rescale.com/ibm/signup
INFO: https://www.rescale.com/chs/legal/agreement
INFO: https://www.rescale.com/chs/legal/support
INFO: https://www.rescale.com/frn/legal/agreement
INFO: https://www.rescale.com/jp/legal/agreement
INFO: https://www.rescale.com/chs/legal/sla
INFO: https://www.rescale.com/frn/legal/trademark
INFO: https://www.rescale.com/chs/legal/service
INFO: https://www.rescale.com/jp/legal/support
INFO: https://www.rescale.com/frn/legal/sla
INFO: https://www.rescale.com/chs/legal/trademark
INFO: https://www.rescale.com/frn/legal/service
INFO: https://www.rescale.com/jp/legal/service
INFO: https://www.rescale.com/frn/legal/support
INFO: https://www.rescale.com/jp/legal/trademark
INFO: https://www.rescale.com/jp/legal/sla
INFO: 27.40 seconds is spent to crawl on 330 pages
